<?xml version="1.0" encoding="UTF-8"?>
<!-- Generated by org.testng.reporters.JUnitXMLReporter -->
<testsuite ignored="0" hostname="LAPTOP-0G4AGPL8" failures="0" tests="3" name="Default test" time="11.993" errors="0" timestamp="2021-02-28T13:09:08 EST">
  <testcase classname="demoTestNG.DemoTestNG" name="titleValidation" time="0.018"/>
  <testcase classname="demoTestNG.DemoTestNG" name="imageValidation" time="0.001"/>
  <testcase classname="demoTestNG.DemoTestNG" name="webElementExist" time="0.004"/>
</testsuite> <!-- Default test -->
